['INFO ]2023-08-05 06:22:54,544(yyyy-MM-ddHH:mm:ss.SSS][main]com.qa.util.LoggerLoad1)-Please fill out username field
['INFO ]2023-08-05 06:22:54,820(yyyy-MM-ddHH:mm:ss.SSS][main]com.qa.util.LoggerLoad1)-Please fill out password  field
['INFO ]2023-08-05 06:22:55,250(yyyy-MM-ddHH:mm:ss.SSS][main]com.qa.util.LoggerLoad1)-Please fill out password confirmation field
['INFO ]2023-08-05 06:23:18,562(yyyy-MM-ddHH:mm:ss.SSS][main]com.qa.util.LoggerLoad1)-user enters valid username and password for data structure module
['INFO ]2023-08-05 06:23:18,629(yyyy-MM-ddHH:mm:ss.SSS][main]com.qa.util.LoggerLoad1)-User is in home page
['INFO ]2023-08-05 06:23:18,823(yyyy-MM-ddHH:mm:ss.SSS][main]com.qa.util.LoggerLoad1)-In the DS Intro Page
['INFO ]2023-08-05 06:23:18,865(yyyy-MM-ddHH:mm:ss.SSS][main]com.qa.util.LoggerLoad1)-In the DS Intro Page
['INFO ]2023-08-05 06:23:18,865(yyyy-MM-ddHH:mm:ss.SSS][main]com.qa.util.LoggerLoad1)-User is in Data structures intro page
['INFO ]2023-08-05 06:23:19,116(yyyy-MM-ddHH:mm:ss.SSS][main]com.qa.util.LoggerLoad1)-User is on Time Complexity page
['INFO ]2023-08-05 06:23:23,824(yyyy-MM-ddHH:mm:ss.SSS][main]com.qa.util.LoggerLoad1)-Valid DS Intro module outputhello
['WARN ]2023-08-05 06:23:26,031(yyyy-MM-ddHH:mm:ss.SSS][main]com.qa.util.LoggerLoad1)-checking alert message from tryeditor SyntaxError: bad input on line 1
['WARN ]2023-08-05 06:23:30,448(yyyy-MM-ddHH:mm:ss.SSS][main]com.qa.util.LoggerLoad1)-checking alert message from tryeditor SyntaxError: bad input on line 1
['WARN ]2023-08-05 06:23:33,379(yyyy-MM-ddHH:mm:ss.SSS][main]com.qa.util.LoggerLoad1)-checking alert message from tryeditor SyntaxError: bad input on line 1
['WARN ]2023-08-05 06:23:35,624(yyyy-MM-ddHH:mm:ss.SSS][main]com.qa.util.LoggerLoad1)-checking alert message from tryeditor SyntaxError: bad input on line 1
['WARN ]2023-08-05 06:23:38,346(yyyy-MM-ddHH:mm:ss.SSS][main]com.qa.util.LoggerLoad1)-checking alert message from tryeditor SyntaxError: bad input on line 1
['WARN ]2023-08-05 06:23:43,105(yyyy-MM-ddHH:mm:ss.SSS][main]com.qa.util.LoggerLoad1)-checking alert message from tryeditor SyntaxError: bad input on line 1
['WARN ]2023-08-05 06:23:51,768(yyyy-MM-ddHH:mm:ss.SSS][main]com.qa.util.LoggerLoad1)-checking alert message from tryeditor SyntaxError: bad input on line 1
['WARN ]2023-08-05 06:24:01,722(yyyy-MM-ddHH:mm:ss.SSS][main]com.qa.util.LoggerLoad1)-checking alert message from tryeditor SyntaxError: bad input on line 1
['WARN ]2023-08-05 06:24:09,350(yyyy-MM-ddHH:mm:ss.SSS][main]com.qa.util.LoggerLoad1)-checking alert message from tryeditor SyntaxError: bad input on line 1
['WARN ]2023-08-05 06:24:13,670(yyyy-MM-ddHH:mm:ss.SSS][main]com.qa.util.LoggerLoad1)-checking alert message from tryeditor SyntaxError: bad input on line 4
['WARN ]2023-08-05 06:24:20,777(yyyy-MM-ddHH:mm:ss.SSS][main]com.qa.util.LoggerLoad1)-checking alert message from tryeditor SyntaxError: bad input on line 4
['INFO ]2023-08-05 06:24:21,979(yyyy-MM-ddHH:mm:ss.SSS][main]com.qa.util.LoggerLoad1)-User is in linked list module to test introduction link
['WARN ]2023-08-05 06:24:24,055(yyyy-MM-ddHH:mm:ss.SSS][main]com.qa.util.LoggerLoad1)-checking alert message from tryeditor SyntaxError: bad input on line 1
['INFO ]2023-08-05 06:24:25,213(yyyy-MM-ddHH:mm:ss.SSS][main]com.qa.util.LoggerLoad1)-User is in linked list module to test creating linked list link
['WARN ]2023-08-05 06:24:31,409(yyyy-MM-ddHH:mm:ss.SSS][main]com.qa.util.LoggerLoad1)-checking alert message from tryeditor SyntaxError: bad input on line 1
['INFO ]2023-08-05 06:24:32,301(yyyy-MM-ddHH:mm:ss.SSS][main]com.qa.util.LoggerLoad1)-User is in linked list module to test types of linked list
['WARN ]2023-08-05 06:24:37,738(yyyy-MM-ddHH:mm:ss.SSS][main]com.qa.util.LoggerLoad1)-checking alert message from tryeditor SyntaxError: bad input on line 1
['INFO ]2023-08-05 06:24:38,622(yyyy-MM-ddHH:mm:ss.SSS][main]com.qa.util.LoggerLoad1)-User is in linked list module to test implement linked list in python
['WARN ]2023-08-05 06:24:41,679(yyyy-MM-ddHH:mm:ss.SSS][main]com.qa.util.LoggerLoad1)-checking alert message from tryeditor SyntaxError: bad input on line 1
['INFO ]2023-08-05 06:24:42,478(yyyy-MM-ddHH:mm:ss.SSS][main]com.qa.util.LoggerLoad1)-User is in linked list module to test traversal
['WARN ]2023-08-05 06:24:47,698(yyyy-MM-ddHH:mm:ss.SSS][main]com.qa.util.LoggerLoad1)-checking alert message from tryeditor SyntaxError: bad input on line 1
['INFO ]2023-08-05 06:24:48,661(yyyy-MM-ddHH:mm:ss.SSS][main]com.qa.util.LoggerLoad1)-User is in linked list module to test insertion
['WARN ]2023-08-05 06:24:51,795(yyyy-MM-ddHH:mm:ss.SSS][main]com.qa.util.LoggerLoad1)-checking alert message from tryeditor SyntaxError: bad input on line 1
['INFO ]2023-08-05 06:24:52,634(yyyy-MM-ddHH:mm:ss.SSS][main]com.qa.util.LoggerLoad1)-User is in linked list module to test deletion link
['WARN ]2023-08-05 06:24:56,746(yyyy-MM-ddHH:mm:ss.SSS][main]com.qa.util.LoggerLoad1)-checking alert message from tryeditor SyntaxError: bad input on line 1
['WARN ]2023-08-05 06:24:59,991(yyyy-MM-ddHH:mm:ss.SSS][main]com.qa.util.LoggerLoad1)-checking alert message from tryeditor SyntaxError: bad input on line 1
['INFO ]2023-08-05 06:25:00,780(yyyy-MM-ddHH:mm:ss.SSS][main]com.qa.util.LoggerLoad1)-User is in queue module to test collections dequeue link
['WARN ]2023-08-05 06:25:04,554(yyyy-MM-ddHH:mm:ss.SSS][main]com.qa.util.LoggerLoad1)-checking alert message from tryeditor SyntaxError: bad input on line 1
['INFO ]2023-08-05 06:25:05,351(yyyy-MM-ddHH:mm:ss.SSS][main]com.qa.util.LoggerLoad1)-User is in queue module to test implementation using array
['WARN ]2023-08-05 06:25:09,761(yyyy-MM-ddHH:mm:ss.SSS][main]com.qa.util.LoggerLoad1)-checking alert message from tryeditor SyntaxError: bad input on line 1
['INFO ]2023-08-05 06:25:10,469(yyyy-MM-ddHH:mm:ss.SSS][main]com.qa.util.LoggerLoad1)-User is in queue module to test Queue Operations
['WARN ]2023-08-05 06:25:13,616(yyyy-MM-ddHH:mm:ss.SSS][main]com.qa.util.LoggerLoad1)-checking alert message from tryeditor SyntaxError: bad input on line 1
['WARN ]2023-08-05 06:25:22,968(yyyy-MM-ddHH:mm:ss.SSS][main]com.qa.util.LoggerLoad1)-checking alert message from tryeditor SyntaxError: bad input on line 4
['WARN ]2023-08-05 06:25:26,922(yyyy-MM-ddHH:mm:ss.SSS][main]com.qa.util.LoggerLoad1)-checking alert message from tryeditor SyntaxError: bad input on line 4
['WARN ]2023-08-05 06:25:29,097(yyyy-MM-ddHH:mm:ss.SSS][main]com.qa.util.LoggerLoad1)-checking alert message from tryeditor SyntaxError: bad input on line 4
['WARN ]2023-08-05 06:25:36,224(yyyy-MM-ddHH:mm:ss.SSS][main]com.qa.util.LoggerLoad1)-checking alert message from tryeditor SyntaxError: bad input on line 4
['WARN ]2023-08-05 06:26:12,484(yyyy-MM-ddHH:mm:ss.SSS][main]com.qa.util.LoggerLoad1)-checking alert message from tryeditor SyntaxError: bad input on line 4
['WARN ]2023-08-05 06:26:16,139(yyyy-MM-ddHH:mm:ss.SSS][main]com.qa.util.LoggerLoad1)-checking alert message from tryeditor SyntaxError: bad input on line 4
['WARN ]2023-08-05 06:26:18,705(yyyy-MM-ddHH:mm:ss.SSS][main]com.qa.util.LoggerLoad1)-checking alert message from tryeditor SyntaxError: bad input on line 4
['WARN ]2023-08-05 06:26:20,860(yyyy-MM-ddHH:mm:ss.SSS][main]com.qa.util.LoggerLoad1)-checking alert message from tryeditor SyntaxError: bad input on line 4
['WARN ]2023-08-05 06:26:23,039(yyyy-MM-ddHH:mm:ss.SSS][main]com.qa.util.LoggerLoad1)-checking alert message from tryeditor SyntaxError: bad input on line 4
['WARN ]2023-08-05 06:26:26,107(yyyy-MM-ddHH:mm:ss.SSS][main]com.qa.util.LoggerLoad1)-checking alert message from tryeditor SyntaxError: bad input on line 4
['WARN ]2023-08-05 06:26:28,371(yyyy-MM-ddHH:mm:ss.SSS][main]com.qa.util.LoggerLoad1)-checking alert message from tryeditor SyntaxError: bad input on line 4
['WARN ]2023-08-05 06:26:30,639(yyyy-MM-ddHH:mm:ss.SSS][main]com.qa.util.LoggerLoad1)-checking alert message from tryeditor SyntaxError: bad input on line 4
['WARN ]2023-08-05 06:26:32,985(yyyy-MM-ddHH:mm:ss.SSS][main]com.qa.util.LoggerLoad1)-checking alert message from tryeditor SyntaxError: bad input on line 4
['WARN ]2023-08-05 06:26:37,692(yyyy-MM-ddHH:mm:ss.SSS][main]com.qa.util.LoggerLoad1)-checking alert message from tryeditor SyntaxError: bad input on line 4
['WARN ]2023-08-05 06:26:41,167(yyyy-MM-ddHH:mm:ss.SSS][main]com.qa.util.LoggerLoad1)-checking alert message from tryeditor SyntaxError: bad input on line 4
['WARN ]2023-08-05 06:26:43,299(yyyy-MM-ddHH:mm:ss.SSS][main]com.qa.util.LoggerLoad1)-checking alert message from tryeditor SyntaxError: bad input on line 4
